c:\users\asus1\documents\github\cmpn102\restaurant\debug\cancellation_event.obj
c:\users\asus1\documents\github\cmpn102\restaurant\debug\cmugraphics.obj
c:\users\asus1\documents\github\cmpn102\restaurant\debug\colors.obj
c:\users\asus1\documents\github\cmpn102\restaurant\debug\image.obj
c:\users\asus1\documents\github\cmpn102\restaurant\debug\keyqueue.obj
c:\users\asus1\documents\github\cmpn102\restaurant\debug\mousequeue.obj
c:\users\asus1\documents\github\cmpn102\restaurant\debug\windowinput.obj
c:\users\asus1\documents\github\cmpn102\restaurant\debug\demo_main.obj
c:\users\asus1\documents\github\cmpn102\restaurant\debug\event.obj
c:\users\asus1\documents\github\cmpn102\restaurant\debug\arrivalevent.obj
c:\users\asus1\documents\github\cmpn102\restaurant\debug\gui.obj
c:\users\asus1\documents\github\cmpn102\restaurant\debug\cook.obj
c:\users\asus1\documents\github\cmpn102\restaurant\debug\order.obj
c:\users\asus1\documents\github\cmpn102\restaurant\debug\vc110.pdb
c:\users\mega\documents\github\cmpn102\restaurant\debug\vc142.pdb
c:\users\mega\documents\github\cmpn102\restaurant\debug\vc142.idb
c:\users\mega\documents\github\cmpn102\restaurant\debug\restaurant.obj
c:\users\mega\documents\github\cmpn102\restaurant\debug\order.obj
c:\users\mega\documents\github\cmpn102\restaurant\debug\cook.obj
c:\users\mega\documents\github\cmpn102\restaurant\debug\gui.obj
c:\users\mega\documents\github\cmpn102\restaurant\debug\arrivalevent.obj
c:\users\mega\documents\github\cmpn102\restaurant\debug\event.obj
c:\users\mega\documents\github\cmpn102\restaurant\debug\demo_main.obj
c:\users\mega\documents\github\cmpn102\restaurant\debug\windowinput.obj
c:\users\mega\documents\github\cmpn102\restaurant\debug\mousequeue.obj
c:\users\mega\documents\github\cmpn102\restaurant\debug\keyqueue.obj
c:\users\mega\documents\github\cmpn102\restaurant\debug\image.obj
c:\users\mega\documents\github\cmpn102\restaurant\debug\colors.obj
c:\users\mega\documents\github\cmpn102\restaurant\debug\cmugraphics.obj
c:\users\mega\documents\github\cmpn102\restaurant\debug\jerror.obj
c:\users\mega\documents\github\cmpn102\restaurant\debug\jdtrans.obj
c:\users\mega\documents\github\cmpn102\restaurant\debug\jdsample.obj
c:\users\mega\documents\github\cmpn102\restaurant\debug\jdpostct.obj
c:\users\mega\documents\github\cmpn102\restaurant\debug\jdphuff.obj
c:\users\mega\documents\github\cmpn102\restaurant\debug\jdmerge.obj
c:\users\mega\documents\github\cmpn102\restaurant\debug\jdmaster.obj
c:\users\mega\documents\github\cmpn102\restaurant\debug\jdmarker.obj
c:\users\mega\documents\github\cmpn102\restaurant\debug\jdmainct.obj
c:\users\mega\documents\github\cmpn102\restaurant\debug\jdinput.obj
c:\users\mega\documents\github\cmpn102\restaurant\debug\jdhuff.obj
c:\users\mega\documents\github\cmpn102\restaurant\debug\jddctmgr.obj
c:\users\mega\documents\github\cmpn102\restaurant\debug\jdcolor.obj
c:\users\mega\documents\github\cmpn102\restaurant\debug\jdcoefct.obj
c:\users\mega\documents\github\cmpn102\restaurant\debug\jdatasrc.obj
c:\users\mega\documents\github\cmpn102\restaurant\debug\jdapistd.obj
c:\users\mega\documents\github\cmpn102\restaurant\debug\jdapimin.obj
c:\users\mega\documents\github\cmpn102\restaurant\debug\jcparam.obj
c:\users\mega\documents\github\cmpn102\restaurant\debug\jcomapi.obj
c:\users\mega\documents\github\cmpn102\restaurant\debug\jpegload.obj
c:\users\mega\documents\github\cmpn102\restaurant\debug\jutils.obj
c:\users\mega\documents\github\cmpn102\restaurant\debug\jquant2.obj
c:\users\mega\documents\github\cmpn102\restaurant\debug\jquant1.obj
c:\users\mega\documents\github\cmpn102\restaurant\debug\jmemnobs.obj
c:\users\mega\documents\github\cmpn102\restaurant\debug\jmemmgr.obj
c:\users\mega\documents\github\cmpn102\restaurant\debug\jidctred.obj
c:\users\mega\documents\github\cmpn102\restaurant\debug\jidctint.obj
c:\users\mega\documents\github\cmpn102\restaurant\debug\jidctfst.obj
c:\users\mega\documents\github\cmpn102\restaurant\debug\jidctflt.obj
c:\users\mega\documents\github\cmpn102\restaurant\debug\cancellation_event.obj
c:\users\k\documents\github\cmpn102\restaurant\debug\vc142.pdb
c:\users\k\documents\github\cmpn102\restaurant\debug\vc142.idb
c:\users\k\documents\github\cmpn102\restaurant\debug\restaurant.obj
c:\users\k\documents\github\cmpn102\restaurant\debug\order.obj
c:\users\k\documents\github\cmpn102\restaurant\debug\cook.obj
c:\users\k\documents\github\cmpn102\restaurant\debug\gui.obj
c:\users\k\documents\github\cmpn102\restaurant\debug\arrivalevent.obj
c:\users\k\documents\github\cmpn102\restaurant\debug\event.obj
c:\users\k\documents\github\cmpn102\restaurant\debug\demo_main.obj
c:\users\k\documents\github\cmpn102\restaurant\debug\windowinput.obj
c:\users\k\documents\github\cmpn102\restaurant\debug\mousequeue.obj
c:\users\k\documents\github\cmpn102\restaurant\debug\keyqueue.obj
c:\users\k\documents\github\cmpn102\restaurant\debug\image.obj
c:\users\k\documents\github\cmpn102\restaurant\debug\colors.obj
c:\users\k\documents\github\cmpn102\restaurant\debug\cmugraphics.obj
c:\users\k\documents\github\cmpn102\restaurant\debug\cancellation_event.obj
c:\users\k\documents\github\cmpn102\restaurant\debug\promotionevent.obj
c:\users\k\documents\github\cmpn102\restaurant\debug\jerror.obj
c:\users\k\documents\github\cmpn102\restaurant\debug\jdtrans.obj
c:\users\k\documents\github\cmpn102\restaurant\debug\jdsample.obj
c:\users\k\documents\github\cmpn102\restaurant\debug\jdpostct.obj
c:\users\k\documents\github\cmpn102\restaurant\debug\jdphuff.obj
c:\users\k\documents\github\cmpn102\restaurant\debug\jdmerge.obj
c:\users\k\documents\github\cmpn102\restaurant\debug\jdmaster.obj
c:\users\k\documents\github\cmpn102\restaurant\debug\jdmarker.obj
c:\users\k\documents\github\cmpn102\restaurant\debug\jdmainct.obj
c:\users\k\documents\github\cmpn102\restaurant\debug\jdinput.obj
c:\users\k\documents\github\cmpn102\restaurant\debug\jdhuff.obj
c:\users\k\documents\github\cmpn102\restaurant\debug\jddctmgr.obj
c:\users\k\documents\github\cmpn102\restaurant\debug\jdcolor.obj
c:\users\k\documents\github\cmpn102\restaurant\debug\jdcoefct.obj
c:\users\k\documents\github\cmpn102\restaurant\debug\jdatasrc.obj
c:\users\k\documents\github\cmpn102\restaurant\debug\jdapistd.obj
c:\users\k\documents\github\cmpn102\restaurant\debug\jdapimin.obj
c:\users\k\documents\github\cmpn102\restaurant\debug\jcparam.obj
c:\users\k\documents\github\cmpn102\restaurant\debug\jcomapi.obj
c:\users\k\documents\github\cmpn102\restaurant\debug\jpegload.obj
c:\users\k\documents\github\cmpn102\restaurant\debug\jutils.obj
c:\users\k\documents\github\cmpn102\restaurant\debug\jquant2.obj
c:\users\k\documents\github\cmpn102\restaurant\debug\jquant1.obj
c:\users\k\documents\github\cmpn102\restaurant\debug\jmemnobs.obj
c:\users\k\documents\github\cmpn102\restaurant\debug\jmemmgr.obj
c:\users\k\documents\github\cmpn102\restaurant\debug\jidctred.obj
c:\users\k\documents\github\cmpn102\restaurant\debug\jidctint.obj
c:\users\k\documents\github\cmpn102\restaurant\debug\jidctfst.obj
c:\users\k\documents\github\cmpn102\restaurant\debug\jidctflt.obj
c:\users\mega\documents\github\cmpn102\debug\restaurant.exe
c:\users\mega\documents\github\cmpn102\debug\restaurant.ilk
c:\users\mega\documents\github\cmpn102\debug\restaurant.pdb
c:\users\k\documents\github\cmpn102\debug\restaurant.ilk
c:\users\k\documents\github\cmpn102\debug\restaurant.exe
c:\users\k\documents\github\cmpn102\debug\restaurant.pdb
c:\users\k\documents\github\cmpn102\restaurant\debug\data_structures_test_remove_after_finishing.obj
c:\users\k\documents\github\cmpn102\restaurant\debug\priorityqueue.obj
c:\users\k\documents\github\cmpn102\restaurant\debug\cl.command.1.tlog
c:\users\k\documents\github\cmpn102\restaurant\debug\cl.read.1.tlog
c:\users\k\documents\github\cmpn102\restaurant\debug\cl.write.1.tlog
c:\users\k\documents\github\cmpn102\restaurant\debug\vc110.idb
c:\users\k\documents\github\cmpn102\restaurant\debug\vc110.pdb
c:\users\k\documents\github\cmpn102\restaurant\debug\restaurant.tlog\cl.command.1.tlog
c:\users\k\documents\github\cmpn102\restaurant\debug\restaurant.tlog\cl.read.1.tlog
c:\users\k\documents\github\cmpn102\restaurant\debug\restaurant.tlog\cl.write.1.tlog
c:\users\k\documents\github\cmpn102\restaurant\debug\restaurant.tlog\link.command.1.tlog
c:\users\k\documents\github\cmpn102\restaurant\debug\restaurant.tlog\link.read.1.tlog
c:\users\k\documents\github\cmpn102\restaurant\debug\restaurant.tlog\link.write.1.tlog
